Traceback (most recent call last):
  File "/home/erikserrano/Projects/buscar/notebooks/2.cfret-analysis/./nbconverted/4.CFReT-moa-analysis.py", line 11, in <module>
    import numpy as np
ModuleNotFoundError: No module named 'numpy'
Traceback (most recent call last):
  File "/home/erikserrano/Projects/buscar/notebooks/2.cfret-analysis/./nbconverted/4.CFReT-moa-analysis.py", line 11, in <module>
    import numpy as np
ModuleNotFoundError: No module named 'numpy'
/home/erikserrano/Software/miniconda3/envs/buscar/lib/python3.12/site-packages/scanpy/_utils/__init__.py:33: FutureWarning: `__version__` is deprecated, use `importlib.metadata.version('anndata')` instead.
  from anndata import __version__ as anndata_version
/home/erikserrano/Software/miniconda3/envs/buscar/lib/python3.12/site-packages/scanpy/__init__.py:24: FutureWarning: `__version__` is deprecated, use `importlib.metadata.version('anndata')` instead.
  if Version(anndata.__version__) >= Version("0.11.0rc2"):
/home/erikserrano/Software/miniconda3/envs/buscar/lib/python3.12/site-packages/scanpy/readwrite.py:16: FutureWarning: `__version__` is deprecated, use `importlib.metadata.version('anndata')` instead.
  if Version(anndata.__version__) >= Version("0.11.0rc2"):
/home/erikserrano/Software/miniconda3/envs/buscar/lib/python3.12/site-packages/louvain/__init__.py:54: UserWarning: pkg_resources is deprecated as an API. See https://setuptools.pypa.io/en/latest/pkg_resources.html. The pkg_resources package is slated for removal as early as 2025-11-30. Refrain from using this package or pin to Setuptools<81.
  from pkg_resources import get_distribution, DistributionNotFound
Pathway: Others Number of treatments: 17

Processing treatment 1/17: UCD-0159269
  Creating signatures...
  Measuring phenotypic activity...
  Merging pathway information...
  Calculating average precision...
  AP Score: 0.287

Processing treatment 2/17: UCD-0001915
  Creating signatures...
  Measuring phenotypic activity...
  Merging pathway information...
  Calculating average precision...
  AP Score: 0.320

Processing treatment 3/17: UCD-0159279
  Creating signatures...
  Measuring phenotypic activity...
  Merging pathway information...
  Calculating average precision...
  AP Score: 0.362

Processing treatment 4/17: UCD-0159271
  Creating signatures...
  Measuring phenotypic activity...
  Merging pathway information...
  Calculating average precision...
  AP Score: 0.373

Processing treatment 5/17: UCD-0159274
  Creating signatures...
  Measuring phenotypic activity...
  Merging pathway information...
  Calculating average precision...
  AP Score: 0.315

Processing treatment 6/17: UCD-0159280
  Creating signatures...
  Measuring phenotypic activity...
  Merging pathway information...
  Calculating average precision...
  AP Score: 0.293

Processing treatment 7/17: UCD-0159263
  Creating signatures...
  Measuring phenotypic activity...
  Merging pathway information...
  Calculating average precision...
  AP Score: 0.270

Processing treatment 8/17: UCD-0001844
  Creating signatures...
  Measuring phenotypic activity...
  Merging pathway information...
  Calculating average precision...
  AP Score: 0.452

Processing treatment 9/17: UCD-0159262
  Creating signatures...
  Measuring phenotypic activity...
  Merging pathway information...
  Calculating average precision...
  AP Score: 0.399

Processing treatment 10/17: UCD-0001835
  Creating signatures...
  Measuring phenotypic activity...
  Merging pathway information...
  Calculating average precision...
  AP Score: 0.363

Processing treatment 11/17: UCD-0159286
  Creating signatures...
  Measuring phenotypic activity...
  Merging pathway information...
  Calculating average precision...
  AP Score: 0.293

Processing treatment 12/17: UCD-0159270
  Creating signatures...
  Measuring phenotypic activity...
  Merging pathway information...
  Calculating average precision...
  AP Score: 0.285

Processing treatment 13/17: UCD-0001775
  Creating signatures...
  Measuring phenotypic activity...
  Merging pathway information...
  Calculating average precision...
  AP Score: 0.265

Processing treatment 14/17: UCD-0159275
  Creating signatures...
  Measuring phenotypic activity...
  Merging pathway information...
  Calculating average precision...
  AP Score: 0.288

Processing treatment 15/17: UCD-0159293
  Creating signatures...
  Measuring phenotypic activity...
  Merging pathway information...
  Calculating average precision...
  AP Score: 0.302

Processing treatment 16/17: UCD-0159273
  Creating signatures...
  Measuring phenotypic activity...
  Merging pathway information...
  Calculating average precision...
  AP Score: 0.280

Processing treatment 17/17: UCD-0159261
  Creating signatures...
  Measuring phenotypic activity...
  Merging pathway information...
  Calculating average precision...
  AP Score: 0.312

======================================================================
Pathway 'Others' Mean AP: 0.321
======================================================================

Pathway: Apoptosis Number of treatments: 1

Processing treatment 1/1: UCD-0159256
  Creating signatures...
  Measuring phenotypic activity...
  Merging pathway information...
  Calculating average precision...
  AP Score: 0.000

======================================================================
Pathway 'Apoptosis' Mean AP: 0.000
======================================================================

Pathway: Neuronal Signaling Number of treatments: 7

Processing treatment 1/7: UCD-0000450
  Creating signatures...
  Measuring phenotypic activity...
  Merging pathway information...
  Calculating average precision...
  AP Score: 0.615

Processing treatment 2/7: UCD-0018207
  Creating signatures...
  Measuring phenotypic activity...
  Merging pathway information...
  Calculating average precision...
  AP Score: 0.513

Processing treatment 3/7: UCD-0159265
  Creating signatures...
  Measuring phenotypic activity...
  Merging pathway information...
  Calculating average precision...
  AP Score: 0.573

Processing treatment 4/7: UCD-0001842
  Creating signatures...
  Measuring phenotypic activity...
  Merging pathway information...
  Calculating average precision...
  AP Score: 0.495

Processing treatment 5/7: UCD-0001016
  Creating signatures...
  Measuring phenotypic activity...
  Merging pathway information...
  Calculating average precision...
  AP Score: 0.395

Processing treatment 6/7: UCD-0001024
  Creating signatures...
  Measuring phenotypic activity...
  Merging pathway information...
  Calculating average precision...
  AP Score: 0.408

Processing treatment 7/7: UCD-0001014
  Creating signatures...
  Measuring phenotypic activity...
  Merging pathway information...
  Calculating average precision...
  AP Score: 0.453

======================================================================
Pathway 'Neuronal Signaling' Mean AP: 0.493
======================================================================

Pathway: Epigenetics Number of treatments: 1

Processing treatment 1/1: UCD-0001921
  Creating signatures...
  Measuring phenotypic activity...
  Merging pathway information...
  Calculating average precision...
  AP Score: 0.000

======================================================================
Pathway 'Epigenetics' Mean AP: 0.000
======================================================================

Pathway: MAPK Number of treatments: 3

Processing treatment 1/3: UCD-0001808
  Creating signatures...
  Measuring phenotypic activity...
  Merging pathway information...
  Calculating average precision...
  AP Score: 0.047

Processing treatment 2/3: UCD-0001804
  Creating signatures...
  Measuring phenotypic activity...
  Merging pathway information...
  Calculating average precision...
  AP Score: 0.042

Processing treatment 3/3: UCD-0018179
  Creating signatures...
  Measuring phenotypic activity...
  Merging pathway information...
  Calculating average precision...
  AP Score: 0.051

======================================================================
Pathway 'MAPK' Mean AP: 0.047
======================================================================

Pathway: Metabolism Number of treatments: 1

Processing treatment 1/1: UCD-0159289
  Creating signatures...
  Measuring phenotypic activity...
  Merging pathway information...
  Calculating average precision...
  AP Score: 0.000

======================================================================
Pathway 'Metabolism' Mean AP: 0.000
======================================================================

Pathway: Angiogenesis Number of treatments: 3

Processing treatment 1/3: UCD-0018131
  Creating signatures...
  Measuring phenotypic activity...
  Merging pathway information...
  Calculating average precision...
  AP Score: 0.039

Processing treatment 2/3: UCD-0001766
  Creating signatures...
  Measuring phenotypic activity...
  Merging pathway information...
  Calculating average precision...
  AP Score: 0.052

Processing treatment 3/3: UCD-0159258
  Creating signatures...
  Measuring phenotypic activity...
  Merging pathway information...
  Calculating average precision...
  AP Score: 0.041

======================================================================
Pathway 'Angiogenesis' Mean AP: 0.044
======================================================================

Pathway: PI3K/Akt/mTOR Number of treatments: 2

Processing treatment 1/2: UCD-0001829
  Creating signatures...
  Measuring phenotypic activity...
  Merging pathway information...
  Calculating average precision...
  AP Score: 0.043

Processing treatment 2/2: UCD-0159259
  Creating signatures...
  Measuring phenotypic activity...
  Merging pathway information...
  Calculating average precision...
  AP Score: 0.333

======================================================================
Pathway 'PI3K/Akt/mTOR' Mean AP: 0.188
======================================================================

Pathway: Stem Cells & Wnt Number of treatments: 1

Processing treatment 1/1: UCD-0159284
  Creating signatures...
  Measuring phenotypic activity...
  Merging pathway information...
  Calculating average precision...
  AP Score: 0.000

======================================================================
Pathway 'Stem Cells & Wnt' Mean AP: 0.000
======================================================================

Pathway: Endocrinology & Hormones Number of treatments: 5

Processing treatment 1/5: UCD-0001801
  Creating signatures...
  Measuring phenotypic activity...
  Merging pathway information...
  Calculating average precision...
  AP Score: 0.136

Processing treatment 2/5: UCD-0001613
  Creating signatures...
  Measuring phenotypic activity...
  Merging pathway information...
  Calculating average precision...
  AP Score: 0.142

Processing treatment 3/5: UCD-0159283
  Creating signatures...
  Measuring phenotypic activity...
  Merging pathway information...
  Calculating average precision...
  AP Score: 0.178

Processing treatment 4/5: UCD-0001040
  Creating signatures...
  Measuring phenotypic activity...
  Merging pathway information...
  Calculating average precision...
  AP Score: 0.274

Processing treatment 5/5: UCD-0017999
  Creating signatures...
  Measuring phenotypic activity...
  Merging pathway information...
  Calculating average precision...
  AP Score: 0.119

======================================================================
Pathway 'Endocrinology & Hormones' Mean AP: 0.170
======================================================================

Pathway: DNA Damage Number of treatments: 3

Processing treatment 1/3: UCD-0001810
  Creating signatures...
  Measuring phenotypic activity...
  Merging pathway information...
  Calculating average precision...
  AP Score: 0.134

Processing treatment 2/3: UCD-0159285
  Creating signatures...
  Measuring phenotypic activity...
  Merging pathway information...
  Calculating average precision...
  AP Score: 0.137

Processing treatment 3/3: UCD-0159257
  Creating signatures...
  Measuring phenotypic activity...
  Merging pathway information...
  Calculating average precision...
  AP Score: 0.205

======================================================================
Pathway 'DNA Damage' Mean AP: 0.159
======================================================================

Traceback (most recent call last):
  File "/home/erikserrano/Projects/buscar/notebooks/2.cfret-analysis/./nbconverted/4.CFReT-moa-analysis.py", line 187, in <module>
    moa_results_path = (result_dir / "cfret_moa_pathway_ap_scores.json").resolve(strict=True)
                       ^^^^^^^^^^^^^^^^^^^^^^^^^^^^^^^^^^^^^^^^^^^^^^^^^^^^^^^^^^^^^^^^^^^^^^
  File "/home/erikserrano/Software/miniconda3/envs/buscar/lib/python3.12/pathlib.py", line 1240, in resolve
    s = self._flavour.realpath(self, strict=strict)
        ^^^^^^^^^^^^^^^^^^^^^^^^^^^^^^^^^^^^^^^^^^^
  File "<frozen posixpath>", line 427, in realpath
  File "<frozen posixpath>", line 471, in _joinrealpath
FileNotFoundError: [Errno 2] No such file or directory: '/home/erikserrano/Projects/buscar/notebooks/2.cfret-analysis/results/cfret-screen/cfret_moa_pathway_ap_scores.json'
